2024-04-25 13:07:27,768 - INFO - 
2024-04-25 13:07:31,831 - INFO - Starting
2024-04-25 13:07:36,441 - INFO - Starting API.....
2024-04-25 13:13:54,849 - INFO - Starting API.....
2024-04-25 13:25:26,610 - INFO - Starting API.....
2024-04-25 13:25:29,206 - INFO - Starting API.....
2024-04-25 13:25:32,303 - INFO - Starting API.....
2024-04-25 13:25:34,374 - INFO - Starting API.....
2024-04-25 13:25:42,458 - INFO - Starting API.....
2024-04-25 13:25:47,383 - INFO - Starting API.....
2024-04-25 13:26:08,274 - INFO - Starting API.....
2024-04-25 13:26:10,462 - INFO - Starting API.....
2024-04-25 13:26:23,363 - INFO - Starting API.....
2024-04-25 13:26:25,804 - INFO - Starting API.....
2024-04-25 13:26:28,156 - INFO - Starting API.....
2024-04-25 13:27:02,434 - INFO - Request to the video-upload page
2024-04-25 13:28:05,425 - INFO - Starting API.....
2024-04-25 15:10:37,096 - INFO - Starting API.....
2024-04-25 15:11:30,746 - INFO - Starting API.....
2024-04-25 15:12:36,242 - INFO - Starting API.....
2024-04-25 15:12:39,956 - INFO - Starting API.....
2024-04-25 15:13:18,403 - INFO - Starting API.....
2024-04-25 15:13:22,803 - INFO - Starting API.....
2024-04-25 15:13:38,782 - INFO - Starting API.....
2024-04-25 15:13:43,550 - INFO - Starting API.....
2024-04-25 15:15:11,011 - INFO - Starting API.....
2024-04-25 15:15:29,929 - INFO - Starting API.....
2024-04-25 15:15:35,663 - INFO - Starting API.....
2024-04-25 15:16:10,865 - INFO - Starting API.....
2024-04-25 15:16:33,986 - INFO - Starting API.....
2024-04-25 15:16:39,405 - INFO - Starting API.....
2024-04-25 15:17:59,351 - INFO - Request to the video-upload page
2024-04-25 15:18:41,743 - INFO - Starting API.....
2024-04-25 15:18:53,176 - INFO - Starting API.....
2024-04-25 15:21:22,553 - INFO - Starting API.....
2024-04-25 15:21:48,511 - INFO - Starting API.....
2024-04-25 15:21:57,705 - INFO - Starting API.....
2024-04-25 15:22:06,215 - INFO - Starting API.....
2024-04-25 15:22:22,167 - INFO - Starting API.....
2024-04-25 15:23:41,337 - INFO - Starting API.....
2024-04-25 15:23:52,483 - INFO - Starting API.....
2024-04-25 15:24:34,374 - INFO - Starting API.....
2024-04-25 15:24:37,813 - INFO - Request to the video-upload page
2024-04-25 15:24:41,530 - INFO - Request to the video-upload page
2024-04-25 15:24:45,293 - INFO - Request to the index page
2024-04-25 17:45:29,712 - INFO - Starting API.....
2024-04-25 17:45:39,531 - INFO - {'url': '/', 'method': 'GET'}
2024-04-25 17:47:12,985 - INFO - {'url': '/upload-videos', 'method': 'GET'}
2024-04-25 17:48:48,018 - INFO - Starting API.....
2024-04-25 17:49:18,660 - INFO - Starting API.....
2024-04-25 17:49:27,835 - INFO - Starting API.....
2024-04-25 17:49:54,488 - INFO - Starting API.....
2024-04-25 17:50:03,260 - INFO - Starting API.....
2024-04-25 17:50:09,372 - INFO - Starting API.....
2024-04-25 17:50:15,637 - INFO - Starting API.....
2024-04-25 17:51:55,078 - INFO - Starting API.....
2024-04-25 17:54:29,438 - INFO - Starting API.....
2024-04-25 17:55:05,584 - INFO - {'url': '/upload-videos', 'method': 'GET'}
2024-04-25 17:55:10,556 - INFO - Starting API.....
2024-04-25 17:55:22,010 - INFO - {'url': '/upload-videos', 'method': 'GET'}
2024-04-25 17:57:17,456 - INFO - Starting API.....
2024-04-25 17:58:10,775 - INFO - Starting API.....
2024-04-25 17:58:16,107 - INFO - Starting API.....
2024-04-25 17:58:31,062 - INFO - {'url': '/upload-videos', 'method': 'GET'}
2024-04-25 17:58:38,006 - INFO - {'url': '/', 'method': 'GET'}
2024-04-25 17:59:40,950 - INFO - Starting API.....
2024-04-25 18:02:08,632 - INFO - Starting API.....
2024-04-25 18:02:15,289 - INFO - Starting API.....
2024-04-25 18:02:22,563 - INFO - Starting API.....
2024-04-25 18:06:43,323 - INFO - {'url': '/', 'method': 'GET'}
2024-04-25 18:06:52,024 - INFO - {'url': '/', 'method': 'GET'}
2024-04-25 18:06:52,150 - INFO - {'url': '/favicon.ico', 'method': 'GET'}
2024-04-25 18:07:12,293 - INFO - {'url': '/upload-videos', 'method': 'GET'}
2024-04-25 18:07:21,659 - INFO - {'url': '/upload-videos', 'method': 'GET'}
2024-04-25 18:07:25,687 - INFO - {'url': '/', 'method': 'GET'}
2024-04-25 18:11:58,518 - INFO - Starting API.....
2024-04-25 18:12:28,261 - INFO - Starting API.....
2024-04-25 18:12:32,365 - INFO - Starting API.....
2024-04-25 18:12:37,270 - INFO - {'url': '/', 'method': 'GET', 'process_time': 0.0}
2024-04-25 18:12:43,219 - INFO - {'url': '/upload-videos', 'method': 'GET', 'process_time': 0.0009987354278564453}
2024-04-25 18:12:49,951 - INFO - {'url': '/upload-videos', 'method': 'GET', 'process_time': 0.0009992122650146484}
2024-04-25 18:12:54,394 - INFO - {'url': '/', 'method': 'GET', 'process_time': 0.0010058879852294922}
2024-04-25 18:14:15,405 - INFO - Starting API.....
2024-04-25 18:14:24,237 - INFO - Starting API.....
2024-04-25 18:14:31,066 - INFO - Starting API.....
2024-04-25 18:14:37,145 - INFO - Starting API.....
2024-04-25 18:14:52,439 - INFO - Starting API.....
2024-04-25 18:14:57,073 - INFO - Starting API.....
2024-04-25 18:15:01,228 - INFO - Starting API.....
2024-04-25 18:15:23,044 - INFO - {'url': '/', 'method': 'GET', 'process_time': 0.0}
2024-04-25 18:15:30,134 - INFO - {'url': '/upload-videos', 'method': 'GET', 'process_time': 1.4995818138122559}
2024-04-25 18:16:29,117 - INFO - Starting API.....
2024-04-25 18:17:37,403 - INFO - Starting API.....
2024-04-25 18:25:49,343 - INFO - Starting API.....
2024-04-25 18:25:56,320 - INFO - Starting API.....
2024-04-25 18:26:01,957 - INFO - Starting API.....
2024-04-25 18:26:09,801 - INFO - Starting API.....
2024-04-25 18:26:14,026 - INFO - Starting API.....
2024-04-25 18:26:24,874 - INFO - Starting API.....
2024-04-25 18:27:18,276 - INFO - Starting API.....
